--- Run started at 2026-04-22T05:42:19.359Z ---
[2026-04-22T05:42:19.366Z] [INFO] Loaded custom video script from scripts/video-complete.js
[2026-04-22T05:42:25.641Z] [INFO] Two-step login submitted using environment credentials
[2026-04-22T05:42:25.642Z] [INFO] Starting sequential loop with quizMode=manual, autoSubmitQuiz=true
[2026-04-22T05:42:25.644Z] [INFO] Step 1 at https://eranx.mkcl.org/learner/selectCourse
[2026-04-22T05:42:25.660Z] [INFO] Detected page type: dashboard-start
[2026-04-22T05:42:27.211Z] [INFO] Step 2 at https://eralive2s2.mkcl.org/#/learnerHome
[2026-04-22T05:42:27.220Z] [INFO] Detected page type: dashboard-popup
[2026-04-22T05:42:27.221Z] [INFO] Found a popup dialog. Attempting to close it.
[2026-04-22T05:42:27.401Z] [INFO] Closed popup.
[2026-04-22T05:42:28.605Z] [INFO] Step 3 at https://eralive2s2.mkcl.org/#/learnerHome
[2026-04-22T05:42:28.614Z] [INFO] Detected page type: dashboard-continue
[2026-04-22T05:42:30.028Z] [INFO] Step 4 at https://eralive2s2.mkcl.org/#/contentViewer?allowRecompilation=true
[2026-04-22T05:42:30.042Z] [INFO] Detected page type: content-viewer-init
[2026-04-22T05:42:30.042Z] [INFO] In Content Viewer. Waiting for lazy-loaded modules...
[2026-04-22T05:42:34.050Z] [INFO] No content surfaced. Navigating via tree traversal.
[2026-04-22T05:42:34.053Z] [INFO] Navigating to incomplete leaf item at index 23 via Playwright native click.
[2026-04-22T05:42:38.443Z] [INFO] Step 5 at https://eralive2s2.mkcl.org/#/contentViewer?allowRecompilation=true
[2026-04-22T05:42:38.461Z] [INFO] Detected page type: quiz-question
[2026-04-22T05:42:38.469Z] [INFO] [Quiz Q1] iLike Certificate in Multi-Platform Digital Marketing Mastery: Strategy, Analytics, and Execution Mo
[2026-04-22T05:42:38.471Z] [INFO] [Quiz Q1] Trying options sequentially. Total options: 1
[2026-04-22T05:42:38.473Z] [INFO] [Quiz Q1] Selecting option index 0...
[2026-04-22T05:42:40.168Z] [INFO] Clicking footer Next button explicitly.
[2026-04-22T05:42:43.845Z] [INFO] Quiz inner loop complete. Clicking footer Next to advance past results page...
[2026-04-22T05:42:45.858Z] [INFO] Clicking footer Next button explicitly.
[2026-04-22T05:42:48.734Z] [INFO] Step 6 at https://eralive2s2.mkcl.org/#/contentViewer?allowRecompilation=true
[2026-04-22T05:42:48.754Z] [INFO] Detected page type: video
[2026-04-22T05:42:48.757Z] [INFO] Video stateKey resolved: "ac6b3494-fe71-440b-b30b-15ac2fbfba68"
[2026-04-22T05:42:48.758Z] [INFO] Video "ac6b3494-fe71-440b-b30b-15ac2fbfba68" detected, attempting completion flow
[2026-04-22T05:42:50.265Z] [INFO] Video skip script run. Waiting for LMS backend to acknowledge...
[2026-04-22T05:42:53.279Z] [INFO] Clicking footer Next button explicitly.
[2026-04-22T05:42:56.160Z] [INFO] Step 7 at https://eralive2s2.mkcl.org/#/contentViewer?allowRecompilation=true
[2026-04-22T05:42:56.173Z] [INFO] Detected page type: quiz-intro
[2026-04-22T05:42:56.173Z] [INFO] Quiz intro detected. Attempting to start.
[2026-04-22T05:42:59.076Z] [INFO] Step 8 at https://eralive2s2.mkcl.org/#/contentViewer?allowRecompilation=true
[2026-04-22T05:42:59.085Z] [INFO] Detected page type: quiz-question
[2026-04-22T05:42:59.091Z] [INFO] [Quiz Q1] Objective Questions Select One option from below. How many users WhatsApp have overall and in India 
[2026-04-22T05:42:59.093Z] [INFO] [Quiz Q1] Trying options sequentially. Total options: 4
[2026-04-22T05:42:59.095Z] [INFO] [Quiz Q1] Selecting option index 0...
[2026-04-22T05:43:00.766Z] [INFO] [Quiz Q1] Option 0 CORRECT! Advancing with: /save\s*(&|and)?\s*next/i
[2026-04-22T05:43:02.944Z] [INFO] [Quiz Q2] Objective Questions Select One option from below. How many users WhatsApp have overall and in India 
[2026-04-22T05:43:02.946Z] [INFO] [Quiz Q2] Trying options sequentially. Total options: 4
[2026-04-22T05:43:02.947Z] [INFO] [Quiz Q2] Selecting option index 0...
[2026-04-22T05:43:04.612Z] [INFO] [Quiz Q2] Option 0 CORRECT! Advancing with: /save\s*(&|and)?\s*next/i
[2026-04-22T05:43:06.783Z] [INFO] [Quiz Q3] Objective Questions Select One option from below. How many users WhatsApp have overall and in India 
[2026-04-22T05:43:06.785Z] [INFO] [Quiz Q3] Trying options sequentially. Total options: 4
[2026-04-22T05:43:06.787Z] [INFO] [Quiz Q3] Selecting option index 0...
[2026-04-22T05:43:08.452Z] [INFO] [Quiz Q3] Option 0 CORRECT! Advancing with: /save\s*(&|and)?\s*next/i
[2026-04-22T05:43:10.629Z] [INFO] [Quiz Q4] Objective Questions Select One option from below. How many users WhatsApp have overall and in India 
[2026-04-22T05:43:10.631Z] [INFO] [Quiz Q4] Trying options sequentially. Total options: 4
[2026-04-22T05:43:10.632Z] [INFO] [Quiz Q4] Selecting option index 0...
[2026-04-22T05:43:12.304Z] [INFO] [Quiz Q4] Option 0 WRONG. Clicking Try Again → will try option 1...
[2026-04-22T05:43:13.486Z] [INFO] [Quiz Q4] Selecting option index 1...
[2026-04-22T05:43:15.154Z] [INFO] [Quiz Q4] Option 1 CORRECT! Advancing with: /save\s*(&|and)?\s*next/i
[2026-04-22T05:43:17.327Z] [INFO] [Quiz Q5] Objective Questions Select One option from below. How many users WhatsApp have overall and in India 
[2026-04-22T05:43:17.329Z] [INFO] [Quiz Q5] Trying options sequentially. Total options: 4
[2026-04-22T05:43:17.332Z] [INFO] [Quiz Q5] Selecting option index 0...
[2026-04-22T05:43:19.026Z] [INFO] [Quiz Q5] Option 0 CORRECT! Advancing with: /save\s*(&|and)?\s*next/i
[2026-04-22T05:43:21.213Z] [INFO] Quiz inner loop exited after 5 questions - no more inputs found.
[2026-04-22T05:43:21.213Z] [INFO] Quiz inner loop complete. Clicking footer Next to advance past results page...
[2026-04-22T05:43:23.223Z] [INFO] Next button still locked. Polling... (0s)
[2026-04-22T05:43:24.233Z] [INFO] Next button still locked. Polling... (1s)
[2026-04-22T05:43:25.244Z] [INFO] Next button still locked. Polling... (2s)
[2026-04-22T05:43:26.254Z] [INFO] Next button still locked. Polling... (3s)
